  hpl.cpp
C:\Users\coolf\OneDrive\Desktop\Visual Studio\Improvement mods\P4AU IM\P4AU-Improvement-Mod-Palettes-PersonaFix\Tools\P4UPL-HPL-CONVERTER\src\hpl.cpp(55,13): warning C4267: 'initializing': conversion from 'size_t' to 'int', possible loss of data
C:\Program Files\Microsoft Visual Studio\2022\Community\VC\Tools\MSVC\14.37.32822\include\xstring(2728,53): warning C4244: 'argument': conversion from 'wchar_t' to 'const _Elem', possible loss of data
          with
          [
              _Elem=char
          ]
C:\Program Files\Microsoft Visual Studio\2022\Community\VC\Tools\MSVC\14.37.32822\include\xstring(2584,17): message : see reference to function template instantiation 'void std::basic_string<char,std::char_traits<char>,std::allocator<char>>::_Construct_from_iter<wchar_t*,wchar_t*,_Size_type>(_Iter,const _Sent,_Size)' being compiled
          with
          [
              _Size_type=unsigned __int64,
              _Iter=wchar_t *,
              _Sent=wchar_t *,
              _Size=unsigned __int64
          ]
C:\Users\coolf\OneDrive\Desktop\Visual Studio\Improvement mods\P4AU IM\P4AU-Improvement-Mod-Palettes-PersonaFix\Tools\P4UPL-HPL-CONVERTER\src\hpl.cpp(17,24): message : see reference to function template instantiation 'std::basic_string<char,std::char_traits<char>,std::allocator<char>>::basic_string<std::_String_iterator<std::_String_val<std::_Simple_types<_Elem>>>,0>(_Iter,_Iter,const _Alloc &)' being compiled
          with
          [
              _Elem=wchar_t,
              _Iter=std::_String_iterator<std::_String_val<std::_Simple_types<wchar_t>>>,
              _Alloc=std::allocator<char>
          ]
C:\Users\coolf\OneDrive\Desktop\Visual Studio\Improvement mods\P4AU IM\P4AU-Improvement-Mod-Palettes-PersonaFix\Tools\P4UPL-HPL-CONVERTER\src\hpl.cpp(17,24): message : see the first reference to 'std::basic_string<char,std::char_traits<char>,std::allocator<char>>::basic_string' in 'LoadHplsFromFile'
  Generating code
  Previous IPDB and IOBJ mismatch, fall back to full compilation.
  All 397 functions were compiled because no usable IPDB/IOBJ from previous compilation was found.
  Finished generating code
  P4UPL-HPL-CONVERTER.vcxproj -> C:\Users\coolf\OneDrive\Desktop\Visual Studio\Improvement mods\P4AU IM\P4AU-Improvement-Mod-Palettes-PersonaFix\x64\Release\P4UPL-HPL-CONVERTER.exe
